<?xml version="1.0" encoding="UTF-8"?>
<Site BuildName="(empty)"
	BuildStamp="20241120-0817-Experimental"
	Name="wantongkangda"
	Generator="ctest-3.16.3"
	CompilerName="/usr/bin/g++"
	CompilerVersion="9.4.0"
	OSName="Linux"
	Hostname="wantongkangda"
	OSRelease="5.4.0-200-generic"
	OSVersion="#220-Ubuntu SMP Fri Sep 27 13:19:16 UTC 2024"
	OSPlatform="x86_64"
	Is64Bits="1"
	VendorString="GenuineIntel"
	VendorID="Intel Corporation"
	FamilyID="6"
	ModelID="183"
	ProcessorCacheSize="30720"
	NumberOfLogicalCPU="24"
	NumberOfPhysicalCPU="16"
	TotalVirtualMemory="975"
	TotalPhysicalMemory="63934"
	LogicalProcessorsPerPhysical="1"
	ProcessorClockFrequency="2720.11"
	>
	<Testing>
		<StartDateTime>Nov 20 16:17 CST</StartDateTime>
		<StartTestTime>1732090660</StartTestTime>
		<TestList/>
		<EndDateTime>Nov 20 16:17 CST</EndDateTime>
		<EndTestTime>1732090660</EndTestTime>
		<ElapsedMinutes>0</ElapsedMinutes>
	</Testing>
</Site>
